[35m[Appium][39m Welcome to Appium v1.22.3
[35m[Appium][39m Non-default server args:
[35m[Appium][39m   port: 56482
[35m[Appium][39m   loglevel: info
[35m[Appium][39m   tmpDir: /var/folders/w9/kvmkv90x0w7gcdztpc_f8jm40000gp/T//Katalon/Appium/Temp1694592070545
[35m[Appium][39m   chromedriverPort: 56483
[35m[Appium][39m Deprecated server args:
[35m[Appium][39m   [31m--chromedriver-port[39m => --default-capabilities
[35m[Appium][39m Default capabilities, which will be added to each request unless overridden by desired capabilities:
[35m[Appium][39m   chromedriverPort: 56483
[35m[Appium][39m Appium REST http interface listener started on 0.0.0.0:56482
[35m[HTTP][39m [37m-->[39m [37mGET[39m [37m/wd/hub/status[39m
[35m[HTTP][39m [90m{}[39m
[35m[HTTP][39m [37m<-- GET /wd/hub/status [39m[32m200[39m [90m8 ms - 68[39m
[35m[HTTP][39m [90m[39m
[35m[HTTP][39m [37m-->[39m [37mGET[39m [37m/wd/hub/status[39m
[35m[HTTP][39m [90m{}[39m
[35m[HTTP][39m [37m<-- GET /wd/hub/status [39m[32m200[39m [90m1 ms - 68[39m
[35m[HTTP][39m [90m[39m
[35m[HTTP][39m [37m-->[39m [37mPOST[39m [37m/wd/hub/session[39m
[35m[HTTP][39m [90m{"desiredCapabilities":{"app":"/Users/fendrinayoarbarutjitra/Katalon Studio/Final Project Mobile/APK/app-debug.apk","noReset":true,"deviceName":"emulator-5554 (sdk_gphone64_x86_64 - Android 13)","fullReset":false,"platform":"ANDROID","newCommandTimeout":1800,"platformVersion":"13","automationName":"uiautomator2","autoGrantPermissions":true,"platformName":"Android","udid":"emulator-5554","systemPort":56495},"capabilities":{"firstMatch":[{"appium:app":"/Users/fendrinayoarbarutjitra/Katalon Studio/Final Project Mobile/APK/app-debug.apk","appium:autoGrantPermissions":true,"appium:automationName":"uiautomator2","appium:deviceName":"emulator-5554 (sdk_gphone64_x86_64 - Android 13)","appium:fullReset":false,"appium:newCommandTimeout":1800,"appium:noReset":true,"platform":"ANDROID","platformName":"android","appium:platformVersion":"13","appium:systemPort":56495,"appium:udid":"emulator-5554"}]}}[39m
[35m[BaseDriver][39m The following capabilities are not standard capabilities and should have an extension prefix:
[35m[BaseDriver][39m   platform
[35m[BaseDriver][39m   chromedriverPort
[35m[Appium][39m Appium v1.22.3 creating new AndroidUiautomator2Driver (v1.70.1) session
[35m[BaseDriver][39m The following capabilities were provided, but are not recognized by Appium:
[35m[BaseDriver][39m   platform
[35m[BaseDriver][39m Session created with session id: 086d8c53-12b2-4562-83b8-1a84bfed5e4b
[35m[BaseDriver][39m Using local app '/Users/fendrinayoarbarutjitra/Katalon Studio/Final Project Mobile/APK/app-debug.apk'
[35m[ADB][39m Found 1 'build-tools' folders under '/Users/fendrinayoarbarutjitra/.katalon/tools/android_sdk' (newest first):
[35m[ADB][39m     /Users/fendrinayoarbarutjitra/.katalon/tools/android_sdk/build-tools/29.0.3
[35m[ADB][39m Using 'adb' from '/Users/fendrinayoarbarutjitra/.katalon/tools/android_sdk/platform-tools/adb'
[35m[AndroidDriver][39m Retrieving device list
[35m[AndroidDriver][39m Using device: emulator-5554
[35m[ADB][39m Using 'adb' from '/Users/fendrinayoarbarutjitra/.katalon/tools/android_sdk/platform-tools/adb'
[35m[ADB][39m Getting device platform version
[35m[UiAutomator2][39m Relaxing hidden api policy
[35m[ADB][39m Package name: 'com.example.mikebanks.bankscorpfinancial'
[35m[ADB][39m Main activity name: 'com.example.mikebanks.bankscorpfinancial.LaunchActivity'
[35m[ADB][39m Using 'apksigner.jar' from '/Users/fendrinayoarbarutjitra/.katalon/tools/android_sdk/build-tools/29.0.3/lib/apksigner.jar'
[35m[ADB][39m '/usr/local/lib/node_modules/appium/node_modules/appium-uiautomator2-server/apks/appium-uiautomator2-server-v4.27.0.apk' is signed with the default certificate
[35m[ADB][39m '/usr/local/lib/node_modules/appium/node_modules/appium-uiautomator2-server/apks/appium-uiautomator2-server-debug-androidTest.apk' is signed with the default certificate
[35m[UiAutomator2][39m Server packages are not going to be (re)installed
[35m[ADB][39m Adding packages ["io.appium.settings","io.appium.uiautomator2.server","io.appium.uiautomator2.server.test"] to Doze whitelist
[35m[ADB][39m '/Users/fendrinayoarbarutjitra/Katalon Studio/Final Project Mobile/APK/app-debug.apk' is signed with a non-default certificate
[35m[ADB][39m The application at '/Users/fendrinayoarbarutjitra/Katalon Studio/Final Project Mobile/APK/app-debug.apk' will not be cached, because the device under test has confirmed the support of streamed installs
[35m[ADB][39m The installation of 'app-debug.apk' took 369ms
[35m[UiAutomator2][39m Starting UIAutomator2 server 4.27.0
[35m[UiAutomator2][39m Using UIAutomator2 server from '/usr/local/lib/node_modules/appium/node_modules/appium-uiautomator2-server/apks/appium-uiautomator2-server-v4.27.0.apk' and test from '/usr/local/lib/node_modules/appium/node_modules/appium-uiautomator2-server/apks/appium-uiautomator2-server-debug-androidTest.apk'
[35m[UiAutomator2][39m Waiting up to 30000ms for UiAutomator2 to be online...
[35m[WD Proxy][39m socket hang up
[35m[WD Proxy][39m socket hang up
[35m[WD Proxy][39m socket hang up
[35m[WD Proxy][39m Determined the downstream protocol as 'W3C'
[35m[AndroidDriver][39m Screen already unlocked, doing nothing
[35m[UiAutomator2][39m Starting 'com.example.mikebanks.bankscorpfinancial/com.example.mikebanks.bankscorpfinancial.LaunchActivity and waiting for 'com.example.mikebanks.bankscorpfinancial/com.example.mikebanks.bankscorpfinancial.LaunchActivity'
[35m[Appium][39m New AndroidUiautomator2Driver session created successfully, session 086d8c53-12b2-4562-83b8-1a84bfed5e4b added to master session list
[35m[HTTP][39m [37m<-- POST /wd/hub/session [39m[32m200[39m [90m10060 ms - 1377[39m
[35m[HTTP][39m [90m[39m
[35m[HTTP][39m [37m-->[39m [37mGET[39m [37m/wd/hub/session/086d8c53-12b2-4562-83b8-1a84bfed5e4b[39m
[35m[HTTP][39m [90m{}[39m
[35m[HTTP][39m [37m<-- GET /wd/hub/session/086d8c53-12b2-4562-83b8-1a84bfed5e4b [39m[32m200[39m [90m18 ms - 1331[39m
[35m[HTTP][39m [90m[39m
[35m[HTTP][39m [37m-->[39m [37mGET[39m [37m/wd/hub/session/086d8c53-12b2-4562-83b8-1a84bfed5e4b[39m
[35m[HTTP][39m [90m{}[39m
[35m[HTTP][39m [37m<-- GET /wd/hub/session/086d8c53-12b2-4562-83b8-1a84bfed5e4b [39m[32m200[39m [90m40 ms - 1331[39m
[35m[HTTP][39m [90m[39m
[35m[HTTP][39m [37m-->[39m [37mGET[39m [37m/wd/hub/status[39m
[35m[HTTP][39m [90m{}[39m
[35m[HTTP][39m [37m<-- GET /wd/hub/status [39m[32m200[39m [90m1 ms - 68[39m
[35m[HTTP][39m [90m[39m
[35m[HTTP][39m [37m-->[39m [37mPOST[39m [37m/wd/hub/session/086d8c53-12b2-4562-83b8-1a84bfed5e4b/timeouts[39m
[35m[HTTP][39m [90m{"implicit":60000}[39m
[35m[HTTP][39m [37m<-- POST /wd/hub/session/086d8c53-12b2-4562-83b8-1a84bfed5e4b/timeouts [39m[32m200[39m [90m3 ms - 14[39m
[35m[HTTP][39m [90m[39m
[35m[HTTP][39m [37m-->[39m [37mGET[39m [37m/wd/hub/session/086d8c53-12b2-4562-83b8-1a84bfed5e4b/source[39m
[35m[HTTP][39m [90m{}[39m
[35m[W3C (086d8c53)][39m Driver proxy active, passing request on via HTTP proxy
[35m[WD Proxy][39m Replacing sessionId 4021978f-79b6-43af-aaa9-76bf4f3dadef with 086d8c53-12b2-4562-83b8-1a84bfed5e4b
[35m[HTTP][39m [37m<-- GET /wd/hub/session/086d8c53-12b2-4562-83b8-1a84bfed5e4b/source [39m[32m200[39m [90m508 ms - 11065[39m
[35m[HTTP][39m [90m[39m
[35m[HTTP][39m [37m-->[39m [37mGET[39m [37m/wd/hub/session/086d8c53-12b2-4562-83b8-1a84bfed5e4b/screenshot[39m
[35m[HTTP][39m [90m{}[39m
[35m[HTTP][39m [37m<-- GET /wd/hub/session/086d8c53-12b2-4562-83b8-1a84bfed5e4b/screenshot [39m[32m200[39m [90m630 ms - 132658[39m
[35m[HTTP][39m [90m[39m
[35m[HTTP][39m [37m-->[39m [37mDELETE[39m [37m/wd/hub/session/086d8c53-12b2-4562-83b8-1a84bfed5e4b[39m
[35m[HTTP][39m [90m{}[39m
[35m[Appium][39m Removing session 086d8c53-12b2-4562-83b8-1a84bfed5e4b from our master session list
[35m[UiAutomator2][39m Restoring hidden api policy to the device default configuration
[35m[HTTP][39m [37m<-- DELETE /wd/hub/session/086d8c53-12b2-4562-83b8-1a84bfed5e4b [39m[32m200[39m [90m574 ms - 14[39m
[35m[HTTP][39m [90m[39m
